(in /root/voraz/neuralize-me/app/rails)
** Invoke train_kohonen (first_time)
** Invoke environment (first_time)
** Execute environment
** Execute train_kohonen
Step: 1/50
Step: 2/50
Step: 3/50
Step: 4/50
Step: 5/50
Step: 6/50
Step: 7/50
Step: 8/50
Step: 9/50
Step: 10/50
Step: 11/50
Step: 12/50
Step: 13/50
Step: 14/50
Step: 15/50
Step: 16/50
Step: 17/50
Step: 18/50
Step: 19/50
Step: 20/50
Step: 21/50
Step: 22/50
Step: 23/50
Step: 24/50
Step: 25/50
Step: 26/50
Step: 27/50
Step: 28/50
Step: 29/50
Step: 30/50
Step: 31/50
Step: 32/50
Step: 33/50
Step: 34/50
Step: 35/50
Step: 36/50
Step: 37/50
Step: 38/50
Step: 39/50
Step: 40/50
Step: 41/50
Step: 42/50
Step: 43/50
Step: 44/50
Step: 45/50
Step: 46/50
Step: 47/50
Step: 48/50
Step: 49/50
Step: 50/50
(in /root/voraz/neuralize-me/app/rails)
** Invoke train_kohonen (first_time)
** Invoke environment (first_time)
** Execute environment
** Execute train_kohonen
Step: 1/50
Step: 2/50
Step: 3/50
Step: 4/50
Step: 5/50
Step: 6/50
Step: 7/50
Step: 8/50
Step: 9/50
Step: 10/50
Step: 11/50
Step: 12/50
Step: 13/50
Step: 14/50
Step: 15/50
Step: 16/50
Step: 17/50
Step: 18/50
Step: 19/50
Step: 20/50
Step: 21/50
Step: 22/50
Step: 23/50
Step: 24/50
Step: 25/50
Step: 26/50
Step: 27/50
Step: 28/50
Step: 29/50
Step: 30/50
Step: 31/50
Step: 32/50
Step: 33/50
Step: 34/50
Step: 35/50
Step: 36/50
Step: 37/50
Step: 38/50
Step: 39/50
Step: 40/50
Step: 41/50
Step: 42/50
Step: 43/50
Step: 44/50
Step: 45/50
Step: 46/50
Step: 47/50
Step: 48/50
Step: 49/50
Step: 50/50
(in /root/voraz/neuralize-me/app/rails)
** Invoke train_kohonen (first_time)
** Invoke environment (first_time)
** Execute environment
** Execute train_kohonen
Step: 1/50
Step: 2/50
Step: 3/50
Step: 4/50
Step: 5/50
Step: 6/50
Step: 7/50
Step: 8/50
Step: 9/50
Step: 10/50
Step: 11/50
Step: 12/50
Step: 13/50
Step: 14/50
Step: 15/50
Step: 16/50
Step: 17/50
Step: 18/50
Step: 19/50
Step: 20/50
Step: 21/50
Step: 22/50
Step: 23/50
Step: 24/50
Step: 25/50
Step: 26/50
Step: 27/50
Step: 28/50
Step: 29/50
Step: 30/50
Step: 31/50
Step: 32/50
Step: 33/50
Step: 34/50
Step: 35/50
Step: 36/50
Step: 37/50
Step: 38/50
Step: 39/50
Step: 40/50
Step: 41/50
Step: 42/50
Step: 43/50
Step: 44/50
Step: 45/50
Step: 46/50
Step: 47/50
Step: 48/50
Step: 49/50
Step: 50/50
(in /root/voraz/neuralize-me/app/rails)
** Invoke train_kohonen (first_time)
** Invoke environment (first_time)
** Execute environment
** Execute train_kohonen
Step: 1/10
Step: 2/10
Step: 3/10
Step: 4/10
Step: 5/10
Step: 6/10
Step: 7/10
Step: 8/10
Step: 9/10
Step: 10/10
(in /root/voraz/neuralize-me/app/rails)
** Invoke train_kohonen (first_time)
** Invoke environment (first_time)
** Execute environment
** Execute train_kohonen
Step: 1/50
Step: 2/50
Step: 3/50
Step: 4/50
Step: 5/50
Step: 6/50
Step: 7/50
Step: 8/50
Step: 9/50
Step: 10/50
Step: 11/50
Step: 12/50
Step: 13/50
Step: 14/50
Step: 15/50
Step: 16/50
Step: 17/50
Step: 18/50
Step: 19/50
Step: 20/50
Step: 21/50
Step: 22/50
Step: 23/50
Step: 24/50
Step: 25/50
Step: 26/50
Step: 27/50
Step: 28/50
Step: 29/50
Step: 30/50
Step: 31/50
Step: 32/50
Step: 33/50
Step: 34/50
Step: 35/50
Step: 36/50
Step: 37/50
Step: 38/50
Step: 39/50
Step: 40/50
Step: 41/50
Step: 42/50
Step: 43/50
Step: 44/50
Step: 45/50
Step: 46/50
Step: 47/50
Step: 48/50
Step: 49/50
Step: 50/50
(in /root/voraz/neuralize-me/app/rails)
** Invoke train_kohonen (first_time)
** Invoke environment (first_time)
** Execute environment
** Execute train_kohonen
Step: 1/50
Step: 2/50
Step: 3/50
Step: 4/50
Step: 5/50
Step: 6/50
Step: 7/50
Step: 8/50
Step: 9/50
Step: 10/50
Step: 11/50
Step: 12/50
Step: 13/50
Step: 14/50
Step: 15/50
Step: 16/50
Step: 17/50
Step: 18/50
Step: 19/50
Step: 20/50
Step: 21/50
Step: 22/50
Step: 23/50
Step: 24/50
Step: 25/50
Step: 26/50
Step: 27/50
Step: 28/50
Step: 29/50
Step: 30/50
Step: 31/50
Step: 32/50
Step: 33/50
Step: 34/50
Step: 35/50
Step: 36/50
Step: 37/50
Step: 38/50
Step: 39/50
Step: 40/50
Step: 41/50
Step: 42/50
Step: 43/50
Step: 44/50
Step: 45/50
Step: 46/50
Step: 47/50
Step: 48/50
Step: 49/50
Step: 50/50
(in /root/voraz/neuralize-me/app/rails)
** Invoke train_kohonen (first_time)
** Invoke environment (first_time)
** Execute environment
** Execute train_kohonen
Step: 1/100
Step: 2/100
Step: 3/100
Step: 4/100
Step: 5/100
Step: 6/100
Step: 7/100
Step: 8/100
Step: 9/100
Step: 10/100
Step: 11/100
Step: 12/100
Step: 13/100
Step: 14/100
Step: 15/100
Step: 16/100
Step: 17/100
Step: 18/100
Step: 19/100
Step: 20/100
Step: 21/100
Step: 22/100
Step: 23/100
Step: 24/100
Step: 25/100
Step: 26/100
Step: 27/100
Step: 28/100
Step: 29/100
Step: 30/100
Step: 31/100
Step: 32/100
Step: 33/100
Step: 34/100
Step: 35/100
Step: 36/100
Step: 37/100
Step: 38/100
Step: 39/100
Step: 40/100
Step: 41/100
Step: 42/100
Step: 43/100
Step: 44/100
Step: 45/100
Step: 46/100
Step: 47/100
Step: 48/100
Step: 49/100
Step: 50/100
Step: 51/100
Step: 52/100
Step: 53/100
Step: 54/100
Step: 55/100
Step: 56/100
Step: 57/100
Step: 58/100
Step: 59/100
Step: 60/100
Step: 61/100
Step: 62/100
Step: 63/100
Step: 64/100
Step: 65/100
Step: 66/100
Step: 67/100
Step: 68/100
Step: 69/100
Step: 70/100
Step: 71/100
Step: 72/100
Step: 73/100
Step: 74/100
Step: 75/100
Step: 76/100
Step: 77/100
Step: 78/100
Step: 79/100
Step: 80/100
Step: 81/100
Step: 82/100
Step: 83/100
Step: 84/100
Step: 85/100
Step: 86/100
Step: 87/100
Step: 88/100
Step: 89/100
Step: 90/100
Step: 91/100
Step: 92/100
Step: 93/100
Step: 94/100
Step: 95/100
Step: 96/100
Step: 97/100
Step: 98/100
Step: 99/100
Step: 100/100
(in /root/voraz/neuralize-me/app/rails)
** Invoke train_kohonen (first_time)
** Invoke environment (first_time)
** Execute environment
** Execute train_kohonen
Step: 1/50
Step: 2/50
Step: 3/50
Step: 4/50
Step: 5/50
Step: 6/50
Step: 7/50
Step: 8/50
Step: 9/50
Step: 10/50
Step: 11/50
Step: 12/50
Step: 13/50
Step: 14/50
Step: 15/50
Step: 16/50
Step: 17/50
Step: 18/50
Step: 19/50
Step: 20/50
Step: 21/50
Step: 22/50
Step: 23/50
Step: 24/50
Step: 25/50
Step: 26/50
Step: 27/50
Step: 28/50
Step: 29/50
Step: 30/50
Step: 31/50
Step: 32/50
Step: 33/50
Step: 34/50
Step: 35/50
Step: 36/50
Step: 37/50
Step: 38/50
Step: 39/50
Step: 40/50
Step: 41/50
Step: 42/50
Step: 43/50
Step: 44/50
Step: 45/50
Step: 46/50
Step: 47/50
Step: 48/50
Step: 49/50
Step: 50/50
(in /root/voraz/neuralize-me/app/rails)
** Invoke train_kohonen (first_time)
** Invoke environment (first_time)
** Execute environment
** Execute train_kohonen
Step: 1/100
Step: 2/100
Step: 3/100
Step: 4/100
Step: 5/100
Step: 6/100
Step: 7/100
Step: 8/100
Step: 9/100
Step: 10/100
Step: 11/100
Step: 12/100
Step: 13/100
Step: 14/100
Step: 15/100
Step: 16/100
Step: 17/100
Step: 18/100
Step: 19/100
Step: 20/100
Step: 21/100
Step: 22/100
Step: 23/100
Step: 24/100
Step: 25/100
Step: 26/100
Step: 27/100
Step: 28/100
Step: 29/100
Step: 30/100
Step: 31/100
Step: 32/100
Step: 33/100
Step: 34/100
Step: 35/100
Step: 36/100
Step: 37/100
Step: 38/100
Step: 39/100
Step: 40/100
Step: 41/100
Step: 42/100
Step: 43/100
Step: 44/100
Step: 45/100
Step: 46/100
Step: 47/100
Step: 48/100
Step: 49/100
Step: 50/100
Step: 51/100
Step: 52/100
Step: 53/100
Step: 54/100
Step: 55/100
Step: 56/100
Step: 57/100
Step: 58/100
Step: 59/100
Step: 60/100
Step: 61/100
Step: 62/100
Step: 63/100
Step: 64/100
Step: 65/100
Step: 66/100
Step: 67/100
Step: 68/100
Step: 69/100
Step: 70/100
Step: 71/100
Step: 72/100
Step: 73/100
Step: 74/100
Step: 75/100
Step: 76/100
Step: 77/100
Step: 78/100
Step: 79/100
Step: 80/100
Step: 81/100
Step: 82/100
Step: 83/100
Step: 84/100
Step: 85/100
Step: 86/100
Step: 87/100
Step: 88/100
Step: 89/100
Step: 90/100
Step: 91/100
Step: 92/100
Step: 93/100
Step: 94/100
Step: 95/100
Step: 96/100
Step: 97/100
Step: 98/100
Step: 99/100
Step: 100/100
(in /root/voraz/neuralize-me/app/rails)
** Invoke train_kohonen (first_time)
** Invoke environment (first_time)
** Execute environment
** Execute train_kohonen
Step: 1/200
Step: 2/200
Step: 3/200
Step: 4/200
Step: 5/200
Step: 6/200
Step: 7/200
Step: 8/200
Step: 9/200
Step: 10/200
Step: 11/200
Step: 12/200
Step: 13/200
Step: 14/200
Step: 15/200
Step: 16/200
Step: 17/200
Step: 18/200
Step: 19/200
Step: 20/200
Step: 21/200
Step: 22/200
Step: 23/200
Step: 24/200
Step: 25/200
Step: 26/200
Step: 27/200
Step: 28/200
Step: 29/200
Step: 30/200
Step: 31/200
Step: 32/200
Step: 33/200
Step: 34/200
Step: 35/200
Step: 36/200
Step: 37/200
Step: 38/200
Step: 39/200
Step: 40/200
Step: 41/200
Step: 42/200
Step: 43/200
Step: 44/200
Step: 45/200
Step: 46/200
Step: 47/200
Step: 48/200
Step: 49/200
Step: 50/200
Step: 51/200
Step: 52/200
Step: 53/200
Step: 54/200
Step: 55/200
Step: 56/200
Step: 57/200
Step: 58/200
Step: 59/200
Step: 60/200
Step: 61/200
Step: 62/200
Step: 63/200
Step: 64/200
Step: 65/200
Step: 66/200
Step: 67/200
Step: 68/200
Step: 69/200
Step: 70/200
Step: 71/200
Step: 72/200
Step: 73/200
Step: 74/200
Step: 75/200
Step: 76/200
Step: 77/200
Step: 78/200
Step: 79/200
Step: 80/200
Step: 81/200
Step: 82/200
Step: 83/200
Step: 84/200
Step: 85/200
Step: 86/200
Step: 87/200
Step: 88/200
Step: 89/200
Step: 90/200
Step: 91/200
Step: 92/200
Step: 93/200
Step: 94/200
Step: 95/200
Step: 96/200
Step: 97/200
Step: 98/200
Step: 99/200
Step: 100/200
Step: 101/200
Step: 102/200
Step: 103/200
Step: 104/200
Step: 105/200
Step: 106/200
Step: 107/200
Step: 108/200
Step: 109/200
Step: 110/200
Step: 111/200
Step: 112/200
Step: 113/200
Step: 114/200
Step: 115/200
Step: 116/200
Step: 117/200
Step: 118/200
Step: 119/200
Step: 120/200
Step: 121/200
Step: 122/200
Step: 123/200
Step: 124/200
Step: 125/200
Step: 126/200
Step: 127/200
Step: 128/200
Step: 129/200
Step: 130/200
Step: 131/200
Step: 132/200
Step: 133/200
Step: 134/200
Step: 135/200
Step: 136/200
Step: 137/200
Step: 138/200
Step: 139/200
Step: 140/200
Step: 141/200
Step: 142/200
Step: 143/200
Step: 144/200
Step: 145/200
Step: 146/200
Step: 147/200
Step: 148/200
Step: 149/200
Step: 150/200
Step: 151/200
Step: 152/200
Step: 153/200
Step: 154/200
Step: 155/200
Step: 156/200
Step: 157/200
Step: 158/200
Step: 159/200
Step: 160/200
Step: 161/200
Step: 162/200
(in /root/voraz/neuralize-me/app/rails)
** Invoke train_kohonen (first_time)
** Invoke environment (first_time)
** Execute environment
** Execute train_kohonen
Step: 1/50
Step: 2/50
Step: 3/50
Step: 4/50
Step: 5/50
Step: 6/50
Step: 7/50
Step: 8/50
Step: 9/50
Step: 10/50
Step: 11/50
Step: 12/50
Step: 13/50
Step: 14/50
Step: 15/50
Step: 16/50
Step: 17/50
Step: 18/50
Step: 19/50
Step: 20/50
Step: 21/50
Step: 22/50
Step: 23/50
Step: 24/50
Step: 25/50
Step: 26/50
Step: 27/50
Step: 28/50
Step: 29/50
Step: 30/50
Step: 31/50
Step: 32/50
Step: 33/50
Step: 34/50
Step: 35/50
Step: 36/50
Step: 37/50
Step: 38/50
Step: 39/50
Step: 40/50
Step: 41/50
Step: 42/50
Step: 43/50
Step: 44/50
Step: 45/50
Step: 46/50
Step: 47/50
Step: 48/50
Step: 49/50
Step: 50/50
(in /root/voraz/neuralize-me/app/rails)
** Invoke train_kohonen (first_time)
** Invoke environment (first_time)
** Execute environment
** Execute train_kohonen
Step: 1/200
Step: 2/200
Step: 3/200
Step: 4/200
Step: 5/200
Step: 6/200
Step: 7/200
Step: 8/200
Step: 9/200
Step: 10/200
Step: 11/200
Step: 12/200
Step: 13/200
Step: 14/200
Step: 15/200
Step: 16/200
Step: 17/200
Step: 18/200
Step: 19/200
Step: 20/200
Step: 21/200
Step: 22/200
Step: 23/200
Step: 24/200
Step: 25/200
Step: 26/200
Step: 27/200
Step: 28/200
Step: 29/200
Step: 30/200
Step: 31/200
Step: 32/200
Step: 33/200
Step: 34/200
Step: 35/200
Step: 36/200
Step: 37/200
Step: 38/200
Step: 39/200
Step: 40/200
Step: 41/200
Step: 42/200
Step: 43/200
Step: 44/200
Step: 45/200
Step: 46/200
Step: 47/200
Step: 48/200
Step: 49/200
Step: 50/200
Step: 51/200
Step: 52/200
Step: 53/200
Step: 54/200
Step: 55/200
Step: 56/200
Step: 57/200
Step: 58/200
Step: 59/200
Step: 60/200
Step: 61/200
Step: 62/200
Step: 63/200
Step: 64/200
Step: 65/200
Step: 66/200
Step: 67/200
Step: 68/200
Step: 69/200
Step: 70/200
Step: 71/200
Step: 72/200
Step: 73/200
Step: 74/200
Step: 75/200
Step: 76/200
Step: 77/200
Step: 78/200
Step: 79/200
Step: 80/200
Step: 81/200
Step: 82/200
Step: 83/200
Step: 84/200
Step: 85/200
Step: 86/200
Step: 87/200
Step: 88/200
Step: 89/200
Step: 90/200
Step: 91/200
Step: 92/200
Step: 93/200
Step: 94/200
Step: 95/200
Step: 96/200
Step: 97/200
Step: 98/200
Step: 99/200
Step: 100/200
Step: 101/200
Step: 102/200
Step: 103/200
Step: 104/200
Step: 105/200
Step: 106/200
Step: 107/200
Step: 108/200
Step: 109/200
Step: 110/200
Step: 111/200
Step: 112/200
Step: 113/200
Step: 114/200
Step: 115/200
Step: 116/200
Step: 117/200
Step: 118/200
Step: 119/200
Step: 120/200
Step: 121/200
Step: 122/200
Step: 123/200
Step: 124/200
Step: 125/200
Step: 126/200
Step: 127/200
Step: 128/200
Step: 129/200
Step: 130/200
Step: 131/200
Step: 132/200
Step: 133/200
Step: 134/200
Step: 135/200
Step: 136/200
Step: 137/200
Step: 138/200
Step: 139/200
Step: 140/200
Step: 141/200
Step: 142/200
Step: 143/200
Step: 144/200
Step: 145/200
Step: 146/200
Step: 147/200
Step: 148/200
Step: 149/200
Step: 150/200
Step: 151/200
Step: 152/200
Step: 153/200
Step: 154/200
Step: 155/200
Step: 156/200
Step: 157/200
Step: 158/200
Step: 159/200
Step: 160/200
Step: 161/200
Step: 162/200
Step: 163/200
Step: 164/200
Step: 165/200
Step: 166/200
Step: 167/200
Step: 168/200
Step: 169/200
Step: 170/200
Step: 171/200
Step: 172/200
Step: 173/200
Step: 174/200
Step: 175/200
Step: 176/200
Step: 177/200
Step: 178/200
Step: 179/200
Step: 180/200
Step: 181/200
Step: 182/200
Step: 183/200
Step: 184/200
Step: 185/200
Step: 186/200
Step: 187/200
Step: 188/200
Step: 189/200
Step: 190/200
Step: 191/200
Step: 192/200
Step: 193/200
Step: 194/200
Step: 195/200
Step: 196/200
Step: 197/200
Step: 198/200
Step: 199/200
Step: 200/200
(in /root/voraz/neuralize-me/app/rails)
** Invoke train_kohonen (first_time)
** Invoke environment (first_time)
** Execute environment
** Execute train_kohonen
Step: 1/50
Step: 2/50
Step: 3/50
Step: 4/50
Step: 5/50
(in /root/voraz/neuralize-me/app/rails)
** Invoke train_kohonen (first_time)
** Invoke environment (first_time)
** Execute environment
** Execute train_kohonen
Step: 1/150
Step: 2/150
Step: 3/150
Step: 4/150
Step: 5/150
Step: 6/150
Step: 7/150
Step: 8/150
Step: 9/150
Step: 10/150
Step: 11/150
Step: 12/150
Step: 13/150
Step: 14/150
Step: 15/150
Step: 16/150
Step: 17/150
Step: 18/150
Step: 19/150
Step: 20/150
Step: 21/150
Step: 22/150
Step: 23/150
Step: 24/150
Step: 25/150
Step: 26/150
Step: 27/150
Step: 28/150
Step: 29/150
Step: 30/150
Step: 31/150
Step: 32/150
Step: 33/150
Step: 34/150
Step: 35/150
Step: 36/150
Step: 37/150
Step: 38/150
Step: 39/150
Step: 40/150
Step: 41/150
Step: 42/150
Step: 43/150
Step: 44/150
Step: 45/150
Step: 46/150
Step: 47/150
Step: 48/150
Step: 49/150
Step: 50/150
Step: 51/150
Step: 52/150
Step: 53/150
Step: 54/150
Step: 55/150
Step: 56/150
Step: 57/150
Step: 58/150
Step: 59/150
Step: 60/150
Step: 61/150
Step: 62/150
Step: 63/150
Step: 64/150
Step: 65/150
Step: 66/150
Step: 67/150
Step: 68/150
Step: 69/150
Step: 70/150
Step: 71/150
Step: 72/150
Step: 73/150
Step: 74/150
Step: 75/150
Step: 76/150
Step: 77/150
Step: 78/150
Step: 79/150
Step: 80/150
Step: 81/150
Step: 82/150
Step: 83/150
Step: 84/150
Step: 85/150
Step: 86/150
Step: 87/150
Step: 88/150
Step: 89/150
Step: 90/150
Step: 91/150
Step: 92/150
Step: 93/150
Step: 94/150
Step: 95/150
Step: 96/150
Step: 97/150
Step: 98/150
Step: 99/150
Step: 100/150
Step: 101/150
Step: 102/150
Step: 103/150
Step: 104/150
Step: 105/150
Step: 106/150
Step: 107/150
Step: 108/150
Step: 109/150
Step: 110/150
Step: 111/150
Step: 112/150
Step: 113/150
Step: 114/150
Step: 115/150
Step: 116/150
Step: 117/150
Step: 118/150
Step: 119/150
Step: 120/150
Step: 121/150
Step: 122/150
Step: 123/150
Step: 124/150
Step: 125/150
Step: 126/150
Step: 127/150
Step: 128/150
Step: 129/150
Step: 130/150
Step: 131/150
Step: 132/150
Step: 133/150
Step: 134/150
Step: 135/150
Step: 136/150
Step: 137/150
Step: 138/150
Step: 139/150
Step: 140/150
Step: 141/150
Step: 142/150
Step: 143/150
Step: 144/150
Step: 145/150
Step: 146/150
Step: 147/150
Step: 148/150
Step: 149/150
Step: 150/150
(in /root/voraz/neuralize-me/app/rails)
** Invoke train_kohonen (first_time)
** Invoke environment (first_time)
** Execute environment
** Execute train_kohonen
Step: 1/50
Step: 2/50
Step: 3/50
Step: 4/50
Step: 5/50
Step: 6/50
Step: 7/50
Step: 8/50
Step: 9/50
Step: 10/50
Step: 11/50
Step: 12/50
Step: 13/50
Step: 14/50
Step: 15/50
Step: 16/50
Step: 17/50
Step: 18/50
Step: 19/50
Step: 20/50
Step: 21/50
Step: 22/50
Step: 23/50
Step: 24/50
Step: 25/50
Step: 26/50
Step: 27/50
Step: 28/50
Step: 29/50
Step: 30/50
Step: 31/50
Step: 32/50
Step: 33/50
Step: 34/50
Step: 35/50
Step: 36/50
Step: 37/50
Step: 38/50
Step: 39/50
Step: 40/50
Step: 41/50
Step: 42/50
(in /root/voraz/neuralize-me/app/rails)
** Invoke train_kohonen (first_time)
** Invoke environment (first_time)
** Execute environment
** Execute train_kohonen
Step: 1/50
Step: 2/50
Step: 3/50
Step: 4/50
Step: 5/50
Step: 6/50
Step: 7/50
Step: 8/50
Step: 9/50
Step: 10/50
Step: 11/50
Step: 12/50
Step: 13/50
Step: 14/50
Step: 15/50
Step: 16/50
Step: 17/50
Step: 18/50
Step: 19/50
Step: 20/50
Step: 21/50
Step: 22/50
Step: 23/50
Step: 24/50
Step: 25/50
Step: 26/50
Step: 27/50
Step: 28/50
Step: 29/50
Step: 30/50
Step: 31/50
Step: 32/50
Step: 33/50
Step: 34/50
Step: 35/50
Step: 36/50
Step: 37/50
Step: 38/50
Step: 39/50
Step: 40/50
Step: 41/50
Step: 42/50
Step: 43/50
Step: 44/50
Step: 45/50
Step: 46/50
Step: 47/50
Step: 48/50
Step: 49/50
Step: 50/50
(in /root/voraz/neuralize-me/app/rails)
** Invoke train_kohonen (first_time)
** Invoke environment (first_time)
** Execute environment
** Execute train_kohonen
Step: 1/100
Step: 2/100
Step: 3/100
Step: 4/100
Step: 5/100
Step: 6/100
Step: 7/100
Step: 8/100
Step: 9/100
Step: 10/100
Step: 11/100
Step: 12/100
Step: 13/100
Step: 14/100
Step: 15/100
Step: 16/100
Step: 17/100
Step: 18/100
Step: 19/100
Step: 20/100
Step: 21/100
Step: 22/100
Step: 23/100
Step: 24/100
Step: 25/100
Step: 26/100
Step: 27/100
Step: 28/100
Step: 29/100
Step: 30/100
Step: 31/100
Step: 32/100
Step: 33/100
Step: 34/100
Step: 35/100
Step: 36/100
Step: 37/100
Step: 38/100
Step: 39/100
Step: 40/100
Step: 41/100
Step: 42/100
Step: 43/100
Step: 44/100
Step: 45/100
Step: 46/100
Step: 47/100
Step: 48/100
Step: 49/100
Step: 50/100
Step: 51/100
Step: 52/100
Step: 53/100
Step: 54/100
Step: 55/100
Step: 56/100
Step: 57/100
Step: 58/100
Step: 59/100
Step: 60/100
Step: 61/100
Step: 62/100
Step: 63/100
Step: 64/100
Step: 65/100
Step: 66/100
Step: 67/100
Step: 68/100
Step: 69/100
Step: 70/100
Step: 71/100
Step: 72/100
Step: 73/100
Step: 74/100
Step: 75/100
Step: 76/100
Step: 77/100
Step: 78/100
Step: 79/100
Step: 80/100
Step: 81/100
Step: 82/100
Step: 83/100
Step: 84/100
Step: 85/100
Step: 86/100
Step: 87/100
Step: 88/100
Step: 89/100
Step: 90/100
Step: 91/100
Step: 92/100
Step: 93/100
Step: 94/100
Step: 95/100
Step: 96/100
Step: 97/100
Step: 98/100
Step: 99/100
Step: 100/100
(in /root/voraz/neuralize-me/app/rails)
** Invoke train_kohonen (first_time)
** Invoke environment (first_time)
** Execute environment
** Execute train_kohonen
Step: 1/150
Step: 2/150
Step: 3/150
Step: 4/150
Step: 5/150
Step: 6/150
Step: 7/150
Step: 8/150
Step: 9/150
Step: 10/150
Step: 11/150
Step: 12/150
Step: 13/150
Step: 14/150
Step: 15/150
Step: 16/150
Step: 17/150
Step: 18/150
Step: 19/150
Step: 20/150
Step: 21/150
Step: 22/150
Step: 23/150
Step: 24/150
Step: 25/150
Step: 26/150
Step: 27/150
Step: 28/150
Step: 29/150
Step: 30/150
Step: 31/150
Step: 32/150
Step: 33/150
Step: 34/150
Step: 35/150
Step: 36/150
Step: 37/150
Step: 38/150
Step: 39/150
Step: 40/150
Step: 41/150
Step: 42/150
Step: 43/150
Step: 44/150
Step: 45/150
Step: 46/150
Step: 47/150
Step: 48/150
Step: 49/150
Step: 50/150
Step: 51/150
Step: 52/150
Step: 53/150
Step: 54/150
Step: 55/150
Step: 56/150
Step: 57/150
Step: 58/150
Step: 59/150
Step: 60/150
Step: 61/150
Step: 62/150
Step: 63/150
Step: 64/150
Step: 65/150
Step: 66/150
Step: 67/150
Step: 68/150
Step: 69/150
Step: 70/150
Step: 71/150
Step: 72/150
Step: 73/150
Step: 74/150
Step: 75/150
Step: 76/150
Step: 77/150
Step: 78/150
Step: 79/150
Step: 80/150
Step: 81/150
Step: 82/150
Step: 83/150
Step: 84/150
Step: 85/150
Step: 86/150
Step: 87/150
Step: 88/150
Step: 89/150
Step: 90/150
Step: 91/150
Step: 92/150
Step: 93/150
Step: 94/150
Step: 95/150
Step: 96/150
Step: 97/150
Step: 98/150
Step: 99/150
Step: 100/150
Step: 101/150
Step: 102/150
Step: 103/150
Step: 104/150
Step: 105/150
Step: 106/150
Step: 107/150
Step: 108/150
Step: 109/150
Step: 110/150
Step: 111/150
Step: 112/150
Step: 113/150
Step: 114/150
Step: 115/150
Step: 116/150
Step: 117/150
Step: 118/150
Step: 119/150
Step: 120/150
Step: 121/150
Step: 122/150
Step: 123/150
Step: 124/150
Step: 125/150
Step: 126/150
Step: 127/150
Step: 128/150
Step: 129/150
Step: 130/150
Step: 131/150
Step: 132/150
Step: 133/150
Step: 134/150
Step: 135/150
Step: 136/150
Step: 137/150
Step: 138/150
Step: 139/150
Step: 140/150
Step: 141/150
Step: 142/150
Step: 143/150
Step: 144/150
Step: 145/150
Step: 146/150
Step: 147/150
Step: 148/150
Step: 149/150
Step: 150/150
(in /root/voraz/neuralize-me/app/rails)
** Invoke train_kohonen (first_time)
** Invoke environment (first_time)
** Execute environment
** Execute train_kohonen
Step: 1/200
Step: 2/200
Step: 3/200
Step: 4/200
Step: 5/200
Step: 6/200
Step: 7/200
Step: 8/200
Step: 9/200
Step: 10/200
Step: 11/200
Step: 12/200
Step: 13/200
Step: 14/200
Step: 15/200
Step: 16/200
Step: 17/200
Step: 18/200
Step: 19/200
Step: 20/200
Step: 21/200
Step: 22/200
Step: 23/200
Step: 24/200
Step: 25/200
Step: 26/200
Step: 27/200
Step: 28/200
Step: 29/200
Step: 30/200
Step: 31/200
Step: 32/200
Step: 33/200
Step: 34/200
Step: 35/200
Step: 36/200
Step: 37/200
Step: 38/200
Step: 39/200
Step: 40/200
Step: 41/200
Step: 42/200
Step: 43/200
Step: 44/200
Step: 45/200
Step: 46/200
Step: 47/200
Step: 48/200
Step: 49/200
Step: 50/200
Step: 51/200
Step: 52/200
Step: 53/200
Step: 54/200
Step: 55/200
Step: 56/200
Step: 57/200
Step: 58/200
Step: 59/200
Step: 60/200
Step: 61/200
Step: 62/200
Step: 63/200
Step: 64/200
Step: 65/200
Step: 66/200
Step: 67/200
Step: 68/200
Step: 69/200
Step: 70/200
Step: 71/200
Step: 72/200
Step: 73/200
Step: 74/200
Step: 75/200
Step: 76/200
Step: 77/200
Step: 78/200
Step: 79/200
Step: 80/200
Step: 81/200
Step: 82/200
Step: 83/200
Step: 84/200
Step: 85/200
Step: 86/200
Step: 87/200
Step: 88/200
Step: 89/200
Step: 90/200
Step: 91/200
Step: 92/200
Step: 93/200
Step: 94/200
Step: 95/200
Step: 96/200
Step: 97/200
Step: 98/200
Step: 99/200
Step: 100/200
Step: 101/200
Step: 102/200
Step: 103/200
Step: 104/200
Step: 105/200
Step: 106/200
Step: 107/200
Step: 108/200
Step: 109/200
Step: 110/200
Step: 111/200
Step: 112/200
Step: 113/200
Step: 114/200
Step: 115/200
Step: 116/200
Step: 117/200
Step: 118/200
Step: 119/200
Step: 120/200
Step: 121/200
Step: 122/200
Step: 123/200
Step: 124/200
Step: 125/200
Step: 126/200
Step: 127/200
Step: 128/200
Step: 129/200
Step: 130/200
Step: 131/200
Step: 132/200
Step: 133/200
Step: 134/200
Step: 135/200
Step: 136/200
Step: 137/200
Step: 138/200
Step: 139/200
Step: 140/200
Step: 141/200
Step: 142/200
Step: 143/200
Step: 144/200
Step: 145/200
Step: 146/200
Step: 147/200
Step: 148/200
Step: 149/200
Step: 150/200
Step: 151/200
Step: 152/200
Step: 153/200
Step: 154/200
Step: 155/200
Step: 156/200
Step: 157/200
Step: 158/200
Step: 159/200
Step: 160/200
Step: 161/200
Step: 162/200
Step: 163/200
Step: 164/200
Step: 165/200
Step: 166/200
Step: 167/200
Step: 168/200
Step: 169/200
Step: 170/200
Step: 171/200
Step: 172/200
Step: 173/200
Step: 174/200
Step: 175/200
Step: 176/200
Step: 177/200
Step: 178/200
Step: 179/200
Step: 180/200
Step: 181/200
Step: 182/200
Step: 183/200
Step: 184/200
Step: 185/200
Step: 186/200
Step: 187/200
Step: 188/200
Step: 189/200
Step: 190/200
Step: 191/200
Step: 192/200
Step: 193/200
Step: 194/200
Step: 195/200
Step: 196/200
Step: 197/200
Step: 198/200
Step: 199/200
Step: 200/200
(in /root/voraz/neuralize-me/app/rails)
** Invoke train_kohonen (first_time)
** Invoke environment (first_time)
** Execute environment
** Execute train_kohonen
Step: 1/50
Step: 2/50
Step: 3/50
Step: 4/50
Step: 5/50
Step: 6/50
Step: 7/50
Step: 8/50
Step: 9/50
Step: 10/50
Step: 11/50
Step: 12/50
Step: 13/50
Step: 14/50
Step: 15/50
Step: 16/50
Step: 17/50
Step: 18/50
Step: 19/50
Step: 20/50
Step: 21/50
Step: 22/50
Step: 23/50
Step: 24/50
Step: 25/50
Step: 26/50
Step: 27/50
Step: 28/50
Step: 29/50
Step: 30/50
Step: 31/50
Step: 32/50
Step: 33/50
Step: 34/50
Step: 35/50
Step: 36/50
Step: 37/50
Step: 38/50
Step: 39/50
Step: 40/50
Step: 41/50
Step: 42/50
Step: 43/50
Step: 44/50
Step: 45/50
Step: 46/50
Step: 47/50
Step: 48/50
Step: 49/50
Step: 50/50
(in /root/voraz/neuralize-me/app/rails)
** Invoke train_kohonen (first_time)
** Invoke environment (first_time)
** Execute environment
** Execute train_kohonen
Step: 1/50
Step: 2/50
Step: 3/50
Step: 4/50
Step: 5/50
Step: 6/50
Step: 7/50
Step: 8/50
Step: 9/50
Step: 10/50
Step: 11/50
Step: 12/50
Step: 13/50
Step: 14/50
Step: 15/50
Step: 16/50
Step: 17/50
Step: 18/50
Step: 19/50
Step: 20/50
Step: 21/50
Step: 22/50
Step: 23/50
Step: 24/50
Step: 25/50
Step: 26/50
Step: 27/50
Step: 28/50
Step: 29/50
Step: 30/50
Step: 31/50
Step: 32/50
Step: 33/50
Step: 34/50
Step: 35/50
Step: 36/50
Step: 37/50
Step: 38/50
Step: 39/50
Step: 40/50
Step: 41/50
Step: 42/50
Step: 43/50
Step: 44/50
Step: 45/50
Step: 46/50
Step: 47/50
Step: 48/50
Step: 49/50
Step: 50/50
(in /root/voraz/neuralize-me/app/rails)
** Invoke train_kohonen (first_time)
** Invoke environment (first_time)
** Execute environment
** Execute train_kohonen
Step: 1/50
Step: 2/50
Step: 3/50
Step: 4/50
Step: 5/50
Step: 6/50
Step: 7/50
Step: 8/50
Step: 9/50
Step: 10/50
Step: 11/50
Step: 12/50
Step: 13/50
Step: 14/50
Step: 15/50
Step: 16/50
Step: 17/50
Step: 18/50
Step: 19/50
Step: 20/50
(in /root/voraz/neuralize-me/app/rails)
** Invoke train_kohonen (first_time)
** Invoke environment (first_time)
** Execute environment
** Execute train_kohonen
Step: 1/50
Step: 2/50
Step: 3/50
Step: 4/50
Step: 5/50
Step: 6/50
Step: 7/50
Step: 8/50
Step: 9/50
Step: 10/50
Step: 11/50
Step: 12/50
Step: 13/50
Step: 14/50
Step: 15/50
Step: 16/50
Step: 17/50
Step: 18/50
Step: 19/50
Step: 20/50
Step: 21/50
(in /root/voraz/neuralize-me/app/rails)
** Invoke train_kohonen (first_time)
** Invoke environment (first_time)
** Execute environment
** Execute train_kohonen
Step: 1/50
Step: 2/50
Step: 3/50
Step: 4/50
Step: 5/50
Step: 6/50
Step: 7/50
Step: 8/50
Step: 9/50
Step: 10/50
Step: 11/50
Step: 12/50
Step: 13/50
Step: 14/50
Step: 15/50
Step: 16/50
Step: 17/50
Step: 18/50
Step: 19/50
Step: 20/50
Step: 21/50
Step: 22/50
Step: 23/50
Step: 24/50
Step: 25/50
Step: 26/50
Step: 27/50
Step: 28/50
Step: 29/50
Step: 30/50
Step: 31/50
Step: 32/50
Step: 33/50
Step: 34/50
Step: 35/50
Step: 36/50
Step: 37/50
Step: 38/50
Step: 39/50
Step: 40/50
Step: 41/50
Step: 42/50
Step: 43/50
Step: 44/50
Step: 45/50
Step: 46/50
Step: 47/50
Step: 48/50
Step: 49/50
Step: 50/50
